# JRE version: Java(TM) SE Runtime Environment (8.0_231-b11) (build 1.8.0_231-b11)
# Java VM: Java HotSpot(TM) 64-Bit Server VM (25.231-b11 mixed mode bsd-amd64 compressed oops)
Heap:
 PSYoungGen      total 137216K, used 58466K [0x00000007e5d80000, 0x00000007f0800000, 0x00000007f0800000)
  eden space 104960K, 31% used [0x00000007e5d80000,0x00000007e7e2ae28,0x00000007ec400000)
  from space 32256K, 77% used [0x00000007ee880000,0x00000007f00eda20,0x00000007f0800000)
  to   space 34816K, 0% used [0x00000007ec400000,0x00000007ec400000,0x00000007ee600000)
 ParOldGen       total 224256K, used 173672K [0x00000007d0800000, 0x00000007de300000, 0x00000007e5d80000)
  object space 224256K, 77% used [0x00000007d0800000,0x00000007db19a3f0,0x00000007de300000)
 Metaspace       used 74917K, capacity 80196K, committed 80512K, reserved 1118208K
  class space    used 9989K, capacity 11029K, committed 11136K, reserved 1048576K
GC Heap History (10 events):
Event: 2199.487 GC heap before
{Heap before GC invocations=23 (full 3):
 PSYoungGen      total 142848K, used 127456K [0x00000007e5d80000, 0x00000007f0600000, 0x00000007f0800000)
  eden space 113152K, 100% used [0x00000007e5d80000,0x00000007ecc00000,0x00000007ecc00000)
  from space 29696K, 48% used [0x00000007ecc00000,0x00000007ed9f8010,0x00000007ee900000)
  to   space 28160K, 0% used [0x00000007eea80000,0x00000007eea80000,0x00000007f0600000)
 ParOldGen       total 224256K, used 136992K [0x00000007d0800000, 0x00000007de300000, 0x00000007e5d80000)
  object space 224256K, 61% used [0x00000007d0800000,0x00000007d8dc8370,0x00000007de300000)
 Metaspace       used 74466K, capacity 79598K, committed 79616K, reserved 1118208K
  class space    used 9974K, capacity 11006K, committed 11008K, reserved 1048576K
Event: 2199.951 GC heap after
Heap after GC invocations=23 (full 3):
 PSYoungGen      total 143872K, used 4211K [0x00000007e5d80000, 0x00000007f0780000, 0x00000007f0800000)
  eden space 115712K, 0% used [0x00000007e5d80000,0x00000007e5d80000,0x00000007ece80000)
  from space 28160K, 14% used [0x00000007eea80000,0x00000007eee9cc00,0x00000007f0600000)
  to   space 28672K, 0% used [0x00000007ece80000,0x00000007ece80000,0x00000007eea80000)
 ParOldGen       total 224256K, used 149521K [0x00000007d0800000, 0x00000007de300000, 0x00000007e5d80000)
  object space 224256K, 66% used [0x00000007d0800000,0x00000007d9a046e0,0x00000007de300000)
 Metaspace       used 74466K, capacity 79598K, committed 79616K, reserved 1118208K
  class space    used 9974K, capacity 11006K, committed 11008K, reserved 1048576K
}
Event: 2204.030 GC heap before
{Heap before GC invocations=24 (full 3):
 PSYoungGen      total 143872K, used 119923K [0x00000007e5d80000, 0x00000007f0780000, 0x00000007f0800000)
  eden space 115712K, 100% used [0x00000007e5d80000,0x00000007ece80000,0x00000007ece80000)
  from space 28160K, 14% used [0x00000007eea80000,0x00000007eee9cc00,0x00000007f0600000)
  to   space 28672K, 0% used [0x00000007ece80000,0x00000007ece80000,0x00000007eea80000)
 ParOldGen       total 224256K, used 149521K [0x00000007d0800000, 0x00000007de300000, 0x00000007e5d80000)
  object space 224256K, 66% used [0x00000007d0800000,0x00000007d9a046e0,0x00000007de300000)
 Metaspace       used 74623K, capacity 79794K, committed 79872K, reserved 1118208K
  class space    used 9975K, capacity 11006K, committed 11008K, reserved 1048576K
Event: 2204.298 GC heap after
Heap after GC invocations=24 (full 3):
 PSYoungGen      total 144384K, used 20560K [0x00000007e5d80000, 0x00000007f0800000, 0x00000007f0800000)
  eden space 115712K, 0% used [0x00000007e5d80000,0x00000007e5d80000,0x00000007ece80000)
  from space 28672K, 71% used [0x00000007ece80000,0x00000007ee294020,0x00000007eea80000)
  to   space 29696K, 0% used [0x00000007eeb00000,0x00000007eeb00000,0x00000007f0800000)
 ParOldGen       total 224256K, used 153341K [0x00000007d0800000, 0x00000007de300000, 0x00000007e5d80000)
  object space 224256K, 68% used [0x00000007d0800000,0x00000007d9dbf628,0x00000007de300000)
 Metaspace       used 74623K, capacity 79794K, committed 79872K, reserved 1118208K
  class space    used 9975K, capacity 11006K, committed 11008K, reserved 1048576K
}
Event: 2252.059 GC heap before
{Heap before GC invocations=25 (full 3):
 PSYoungGen      total 144384K, used 136272K [0x00000007e5d80000, 0x00000007f0800000, 0x00000007f0800000)
  eden space 115712K, 100% used [0x00000007e5d80000,0x00000007ece80000,0x00000007ece80000)
  from space 28672K, 71% used [0x00000007ece80000,0x00000007ee294020,0x00000007eea80000)
  to   space 29696K, 0% used [0x00000007eeb00000,0x00000007eeb00000,0x00000007f0800000)
 ParOldGen       total 224256K, used 153341K [0x00000007d0800000, 0x00000007de300000, 0x00000007e5d80000)
  object space 224256K, 68% used [0x00000007d0800000,0x00000007d9dbf628,0x00000007de300000)
 Metaspace       used 74664K, capacity 79802K, committed 79872K, reserved 1118208K
  class space    used 9975K, capacity 11006K, committed 11008K, reserved 1048576K
Event: 2252.138 GC heap after
Heap after GC invocations=25 (full 3):
 PSYoungGen      total 143872K, used 1536K [0x00000007e5d80000, 0x00000007f0800000, 0x00000007f0800000)
  eden space 114176K, 0% used [0x00000007e5d80000,0x00000007e5d80000,0x00000007ecd00000)
  from space 29696K, 5% used [0x00000007eeb00000,0x00000007eec80000,0x00000007f0800000)
  to   space 30208K, 0% used [0x00000007ecd00000,0x00000007ecd00000,0x00000007eea80000)
 ParOldGen       total 224256K, used 172407K [0x00000007d0800000, 0x00000007de300000, 0x00000007e5d80000)
  object space 224256K, 76% used [0x00000007d0800000,0x00000007db05df50,0x00000007de300000)
 Metaspace       used 74664K, capacity 79802K, committed 79872K, reserved 1118208K
  class space    used 9975K, capacity 11006K, committed 11008K, reserved 1048576K
}
Event: 2357.702 GC heap before
{Heap before GC invocations=26 (full 3):
 PSYoungGen      total 143872K, used 115712K [0x00000007e5d80000, 0x00000007f0800000, 0x00000007f0800000)
  eden space 114176K, 100% used [0x00000007e5d80000,0x00000007ecd00000,0x00000007ecd00000)
  from space 29696K, 5% used [0x00000007eeb00000,0x00000007eec80000,0x00000007f0800000)
  to   space 30208K, 0% used [0x00000007ecd00000,0x00000007ecd00000,0x00000007eea80000)
 ParOldGen       total 224256K, used 172407K [0x00000007d0800000, 0x00000007de300000, 0x00000007e5d80000)
  object space 224256K, 76% used [0x00000007d0800000,0x00000007db05df50,0x00000007de300000)
 Metaspace       used 74855K, capacity 80132K, committed 80256K, reserved 1118208K
  class space    used 9989K, capacity 11029K, committed 11136K, reserved 1048576K
Event: 2357.902 GC heap after
Heap after GC invocations=26 (full 3):
 PSYoungGen      total 137216K, used 22801K [0x00000007e5d80000, 0x00000007f0800000, 0x00000007f0800000)
  eden space 114176K, 0% used [0x00000007e5d80000,0x00000007e5d80000,0x00000007ecd00000)
  from space 23040K, 98% used [0x00000007ecd00000,0x00000007ee344590,0x00000007ee380000)
  to   space 32256K, 0% used [0x00000007ee880000,0x00000007ee880000,0x00000007f0800000)
 ParOldGen       total 224256K, used 173664K [0x00000007d0800000, 0x00000007de300000, 0x00000007e5d80000)
  object space 224256K, 77% used [0x00000007d0800000,0x00000007db1983f0,0x00000007de300000)
 Metaspace       used 74855K, capacity 80132K, committed 80256K, reserved 1118208K
  class space    used 9989K, capacity 11029K, committed 11136K, reserved 1048576K
}
Event: 2360.152 GC heap before
{Heap before GC invocations=27 (full 3):
 PSYoungGen      total 137216K, used 136977K [0x00000007e5d80000, 0x00000007f0800000, 0x00000007f0800000)
  eden space 114176K, 100% used [0x00000007e5d80000,0x00000007ecd00000,0x00000007ecd00000)
  from space 23040K, 98% used [0x00000007ecd00000,0x00000007ee344590,0x00000007ee380000)
  to   space 32256K, 0% used [0x00000007ee880000,0x00000007ee880000,0x00000007f0800000)
 ParOldGen       total 224256K, used 173664K [0x00000007d0800000, 0x00000007de300000, 0x00000007e5d80000)
  object space 224256K, 77% used [0x00000007d0800000,0x00000007db1983f0,0x00000007de300000)
 Metaspace       used 74880K, capacity 80132K, committed 80256K, reserved 1118208K
  class space    used 9989K, capacity 11029K, committed 11136K, reserved 1048576K
Event: 2360.370 GC heap after
Heap after GC invocations=27 (full 3):
 PSYoungGen      total 137216K, used 25014K [0x00000007e5d80000, 0x00000007f0800000, 0x00000007f0800000)
  eden space 104960K, 0% used [0x00000007e5d80000,0x00000007e5d80000,0x00000007ec400000)
  from space 32256K, 77% used [0x00000007ee880000,0x00000007f00eda20,0x00000007f0800000)
  to   space 34816K, 0% used [0x00000007ec400000,0x00000007ec400000,0x00000007ee600000)
 ParOldGen       total 224256K, used 173672K [0x00000007d0800000, 0x00000007de300000, 0x00000007e5d80000)
  object space 224256K, 77% used [0x00000007d0800000,0x00000007db19a3f0,0x00000007de300000)
 Metaspace       used 74880K, capacity 80132K, committed 80256K, reserved 1118208K
  class space    used 9989K, capacity 11029K, committed 11136K, reserved 1048576K
}

